# JRE version: OpenJDK Runtime Environment Temurin-21.0.11+10 (21.0.11+10) (build 21.0.11+10-LTS)
# Java VM: OpenJDK 64-Bit Server VM Temurin-21.0.11+10 (21.0.11+10-LTS, mixed mode, sharing, tiered, compressed oops, compressed class ptrs, parallel gc, windows-amd64)
GC Precious Log:
 CardTable entry size: 512
 CPUs: 12 total, 12 available
 Memory: 8075M
 Large Page Support: Disabled
 NUMA Support: Disabled
 Compressed Oops: Enabled (32-bit)
 Alignments: Space 512K, Generation 512K, Heap 2M
 Heap Min Capacity: 100M
 Heap Initial Capacity: 100M
 Heap Max Capacity: 2G
 Pre-touch: Disabled
 Parallel Workers: 10
Heap:
 PSYoungGen      total 4096K, used 4067K [0x00000000d5580000, 0x00000000d5a80000, 0x0000000100000000)
  eden space 3072K, 100% used [0x00000000d5580000,0x00000000d5880000,0x00000000d5880000)
  from space 1024K, 97% used [0x00000000d5980000,0x00000000d5a78c90,0x00000000d5a80000)
  to   space 1024K, 98% used [0x00000000d5880000,0x00000000d597b980,0x00000000d5980000)
 ParOldGen       total 206336K, used 205895K [0x0000000080000000, 0x000000008c980000, 0x00000000d5580000)
  object space 206336K, 99% used [0x0000000080000000,0x000000008c911f78,0x000000008c980000)
 Metaspace       used 64195K, committed 65472K, reserved 1114112K
  class space    used 6919K, committed 7488K, reserved 1048576K
GC Heap History (20 events):
Event: 17.738 GC heap after
{Heap after GC invocations=169 (full 3):
 PSYoungGen      total 4096K, used 800K [0x00000000d5580000, 0x00000000d5a80000, 0x0000000100000000)
  eden space 3072K, 0% used [0x00000000d5580000,0x00000000d5580000,0x00000000d5880000)
  from space 1024K, 78% used [0x00000000d5980000,0x00000000d5a48000,0x00000000d5a80000)
  to   space 1024K, 0% used [0x00000000d5880000,0x00000000d5880000,0x00000000d5980000)
 ParOldGen       total 199680K, used 199207K [0x0000000080000000, 0x000000008c300000, 0x00000000d5580000)
  object space 199680K, 99% used [0x0000000080000000,0x000000008c289ea0,0x000000008c300000)
 Metaspace       used 64195K, committed 65472K, reserved 1114112K
  class space    used 6919K, committed 7488K, reserved 1048576K
}
Event: 17.745 GC heap before
{Heap before GC invocations=170 (full 3):
 PSYoungGen      total 4096K, used 3872K [0x00000000d5580000, 0x00000000d5a80000, 0x0000000100000000)
  eden space 3072K, 100% used [0x00000000d5580000,0x00000000d5880000,0x00000000d5880000)
  from space 1024K, 78% used [0x00000000d5980000,0x00000000d5a48000,0x00000000d5a80000)
  to   space 1024K, 0% used [0x00000000d5880000,0x00000000d5880000,0x00000000d5980000)
 ParOldGen       total 199680K, used 199207K [0x0000000080000000, 0x000000008c300000, 0x00000000d5580000)
  object space 199680K, 99% used [0x0000000080000000,0x000000008c289ea0,0x000000008c300000)
 Metaspace       used 64195K, committed 65472K, reserved 1114112K
  class space    used 6919K, committed 7488K, reserved 1048576K
}
Event: 17.746 GC heap after
{Heap after GC invocations=170 (full 3):
 PSYoungGen      total 4096K, used 893K [0x00000000d5580000, 0x00000000d5a80000, 0x0000000100000000)
  eden space 3072K, 0% used [0x00000000d5580000,0x00000000d5580000,0x00000000d5880000)
  from space 1024K, 87% used [0x00000000d5880000,0x00000000d595f520,0x00000000d5980000)
  to   space 1024K, 0% used [0x00000000d5980000,0x00000000d5980000,0x00000000d5a80000)
 ParOldGen       total 200192K, used 199863K [0x0000000080000000, 0x000000008c380000, 0x00000000d5580000)
  object space 200192K, 99% used [0x0000000080000000,0x000000008c32dec8,0x000000008c380000)
 Metaspace       used 64195K, committed 65472K, reserved 1114112K
  class space    used 6919K, committed 7488K, reserved 1048576K
}
Event: 17.753 GC heap before
{Heap before GC invocations=171 (full 3):
 PSYoungGen      total 4096K, used 3965K [0x00000000d5580000, 0x00000000d5a80000, 0x0000000100000000)
  eden space 3072K, 100% used [0x00000000d5580000,0x00000000d5880000,0x00000000d5880000)
  from space 1024K, 87% used [0x00000000d5880000,0x00000000d595f520,0x00000000d5980000)
  to   space 1024K, 0% used [0x00000000d5980000,0x00000000d5980000,0x00000000d5a80000)
 ParOldGen       total 200192K, used 199863K [0x0000000080000000, 0x000000008c380000, 0x00000000d5580000)
  object space 200192K, 99% used [0x0000000080000000,0x000000008c32dec8,0x000000008c380000)
 Metaspace       used 64195K, committed 65472K, reserved 1114112K
  class space    used 6919K, committed 7488K, reserved 1048576K
}
Event: 17.755 GC heap after
{Heap after GC invocations=171 (full 3):
 PSYoungGen      total 4096K, used 848K [0x00000000d5580000, 0x00000000d5a80000, 0x0000000100000000)
  eden space 3072K, 0% used [0x00000000d5580000,0x00000000d5580000,0x00000000d5880000)
  from space 1024K, 82% used [0x00000000d5980000,0x00000000d5a54378,0x00000000d5a80000)
  to   space 1024K, 0% used [0x00000000d5880000,0x00000000d5880000,0x00000000d5980000)
 ParOldGen       total 200704K, used 200565K [0x0000000080000000, 0x000000008c400000, 0x00000000d5580000)
  object space 200704K, 99% used [0x0000000080000000,0x000000008c3dd720,0x000000008c400000)
 Metaspace       used 64195K, committed 65472K, reserved 1114112K
  class space    used 6919K, committed 7488K, reserved 1048576K
}
Event: 17.762 GC heap before
{Heap before GC invocations=172 (full 3):
 PSYoungGen      total 4096K, used 3920K [0x00000000d5580000, 0x00000000d5a80000, 0x0000000100000000)
  eden space 3072K, 100% used [0x00000000d5580000,0x00000000d5880000,0x00000000d5880000)
  from space 1024K, 82% used [0x00000000d5980000,0x00000000d5a54378,0x00000000d5a80000)
  to   space 1024K, 0% used [0x00000000d5880000,0x00000000d5880000,0x00000000d5980000)
 ParOldGen       total 200704K, used 200565K [0x0000000080000000, 0x000000008c400000, 0x00000000d5580000)
  object space 200704K, 99% used [0x0000000080000000,0x000000008c3dd720,0x000000008c400000)
 Metaspace       used 64195K, committed 65472K, reserved 1114112K
  class space    used 6919K, committed 7488K, reserved 1048576K
}
Event: 17.763 GC heap after
{Heap after GC invocations=172 (full 3):
 PSYoungGen      total 4096K, used 832K [0x00000000d5580000, 0x00000000d5a80000, 0x0000000100000000)
  eden space 3072K, 0% used [0x00000000d5580000,0x00000000d5580000,0x00000000d5880000)
  from space 1024K, 81% used [0x00000000d5880000,0x00000000d5950000,0x00000000d5980000)
  to   space 1024K, 0% used [0x00000000d5980000,0x00000000d5980000,0x00000000d5a80000)
 ParOldGen       total 201728K, used 201256K [0x0000000080000000, 0x000000008c500000, 0x00000000d5580000)
  object space 201728K, 99% used [0x0000000080000000,0x000000008c48a040,0x000000008c500000)
 Metaspace       used 64195K, committed 65472K, reserved 1114112K
  class space    used 6919K, committed 7488K, reserved 1048576K
}
Event: 17.774 GC heap before
{Heap before GC invocations=173 (full 3):
 PSYoungGen      total 4096K, used 3904K [0x00000000d5580000, 0x00000000d5a80000, 0x0000000100000000)
  eden space 3072K, 100% used [0x00000000d5580000,0x00000000d5880000,0x00000000d5880000)
  from space 1024K, 81% used [0x00000000d5880000,0x00000000d5950000,0x00000000d5980000)
  to   space 1024K, 0% used [0x00000000d5980000,0x00000000d5980000,0x00000000d5a80000)
 ParOldGen       total 201728K, used 201256K [0x0000000080000000, 0x000000008c500000, 0x00000000d5580000)
  object space 201728K, 99% used [0x0000000080000000,0x000000008c48a040,0x000000008c500000)
 Metaspace       used 64195K, committed 65472K, reserved 1114112K
  class space    used 6919K, committed 7488K, reserved 1048576K
}
Event: 17.775 GC heap after
{Heap after GC invocations=173 (full 3):
 PSYoungGen      total 4096K, used 770K [0x00000000d5580000, 0x00000000d5a80000, 0x0000000100000000)
  eden space 3072K, 0% used [0x00000000d5580000,0x00000000d5580000,0x00000000d5880000)
  from space 1024K, 75% used [0x00000000d5980000,0x00000000d5a40aa8,0x00000000d5a80000)
  to   space 1024K, 0% used [0x00000000d5880000,0x00000000d5880000,0x00000000d5980000)
 ParOldGen       total 202240K, used 201955K [0x0000000080000000, 0x000000008c580000, 0x00000000d5580000)
  object space 202240K, 99% used [0x0000000080000000,0x000000008c538fd8,0x000000008c580000)
 Metaspace       used 64195K, committed 65472K, reserved 1114112K
  class space    used 6919K, committed 7488K, reserved 1048576K
}
Event: 17.784 GC heap before
{Heap before GC invocations=174 (full 3):
 PSYoungGen      total 4096K, used 3842K [0x00000000d5580000, 0x00000000d5a80000, 0x0000000100000000)
  eden space 3072K, 100% used [0x00000000d5580000,0x00000000d5880000,0x00000000d5880000)
  from space 1024K, 75% used [0x00000000d5980000,0x00000000d5a40aa8,0x00000000d5a80000)
  to   space 1024K, 0% used [0x00000000d5880000,0x00000000d5880000,0x00000000d5980000)
 ParOldGen       total 202240K, used 201955K [0x0000000080000000, 0x000000008c580000, 0x00000000d5580000)
  object space 202240K, 99% used [0x0000000080000000,0x000000008c538fd8,0x000000008c580000)
 Metaspace       used 64195K, committed 65472K, reserved 1114112K
  class space    used 6919K, committed 7488K, reserved 1048576K
}
Event: 17.785 GC heap after
{Heap after GC invocations=174 (full 3):
 PSYoungGen      total 4096K, used 927K [0x00000000d5580000, 0x00000000d5a80000, 0x0000000100000000)
  eden space 3072K, 0% used [0x00000000d5580000,0x00000000d5580000,0x00000000d5880000)
  from space 1024K, 90% used [0x00000000d5880000,0x00000000d5967e58,0x00000000d5980000)
  to   space 1024K, 0% used [0x00000000d5980000,0x00000000d5980000,0x00000000d5a80000)
 ParOldGen       total 202752K, used 202616K [0x0000000080000000, 0x000000008c600000, 0x00000000d5580000)
  object space 202752K, 99% used [0x0000000080000000,0x000000008c5de010,0x000000008c600000)
 Metaspace       used 64195K, committed 65472K, reserved 1114112K
  class space    used 6919K, committed 7488K, reserved 1048576K
}
Event: 17.796 GC heap before
{Heap before GC invocations=175 (full 3):
 PSYoungGen      total 4096K, used 3997K [0x00000000d5580000, 0x00000000d5a80000, 0x0000000100000000)
  eden space 3072K, 99% used [0x00000000d5580000,0x00000000d587f648,0x00000000d5880000)
  from space 1024K, 90% used [0x00000000d5880000,0x00000000d5967e58,0x00000000d5980000)
  to   space 1024K, 0% used [0x00000000d5980000,0x00000000d5980000,0x00000000d5a80000)
 ParOldGen       total 202752K, used 202616K [0x0000000080000000, 0x000000008c600000, 0x00000000d5580000)
  object space 202752K, 99% used [0x0000000080000000,0x000000008c5de010,0x000000008c600000)
 Metaspace       used 64195K, committed 65472K, reserved 1114112K
  class space    used 6919K, committed 7488K, reserved 1048576K
}
Event: 17.798 GC heap after
{Heap after GC invocations=175 (full 3):
 PSYoungGen      total 4096K, used 884K [0x00000000d5580000, 0x00000000d5a80000, 0x0000000100000000)
  eden space 3072K, 0% used [0x00000000d5580000,0x00000000d5580000,0x00000000d5880000)
  from space 1024K, 86% used [0x00000000d5980000,0x00000000d5a5d190,0x00000000d5a80000)
  to   space 1024K, 0% used [0x00000000d5880000,0x00000000d5880000,0x00000000d5980000)
 ParOldGen       total 203776K, used 203630K [0x0000000080000000, 0x000000008c700000, 0x00000000d5580000)
  object space 203776K, 99% used [0x0000000080000000,0x000000008c6dbae0,0x000000008c700000)
 Metaspace       used 64195K, committed 65472K, reserved 1114112K
  class space    used 6919K, committed 7488K, reserved 1048576K
}
Event: 17.805 GC heap before
{Heap before GC invocations=176 (full 3):
 PSYoungGen      total 4096K, used 3917K [0x00000000d5580000, 0x00000000d5a80000, 0x0000000100000000)
  eden space 3072K, 98% used [0x00000000d5580000,0x00000000d5876588,0x00000000d5880000)
  from space 1024K, 86% used [0x00000000d5980000,0x00000000d5a5d190,0x00000000d5a80000)
  to   space 1024K, 0% used [0x00000000d5880000,0x00000000d5880000,0x00000000d5980000)
 ParOldGen       total 203776K, used 203630K [0x0000000080000000, 0x000000008c700000, 0x00000000d5580000)
  object space 203776K, 99% used [0x0000000080000000,0x000000008c6dbae0,0x000000008c700000)
 Metaspace       used 64195K, committed 65472K, reserved 1114112K
  class space    used 6919K, committed 7488K, reserved 1048576K
}
Event: 17.810 GC heap after
{Heap after GC invocations=176 (full 3):
 PSYoungGen      total 4096K, used 1009K [0x00000000d5580000, 0x00000000d5a80000, 0x0000000100000000)
  eden space 3072K, 0% used [0x00000000d5580000,0x00000000d5580000,0x00000000d5880000)
  from space 1024K, 98% used [0x00000000d5880000,0x00000000d597c410,0x00000000d5980000)
  to   space 1024K, 0% used [0x00000000d5980000,0x00000000d5980000,0x00000000d5a80000)
 ParOldGen       total 204800K, used 204382K [0x0000000080000000, 0x000000008c800000, 0x00000000d5580000)
  object space 204800K, 99% used [0x0000000080000000,0x000000008c797908,0x000000008c800000)
 Metaspace       used 64195K, committed 65472K, reserved 1114112K
  class space    used 6919K, committed 7488K, reserved 1048576K
}
Event: 17.815 GC heap before
{Heap before GC invocations=177 (full 3):
 PSYoungGen      total 4096K, used 4081K [0x00000000d5580000, 0x00000000d5a80000, 0x0000000100000000)
  eden space 3072K, 100% used [0x00000000d5580000,0x00000000d5880000,0x00000000d5880000)
  from space 1024K, 98% used [0x00000000d5880000,0x00000000d597c410,0x00000000d5980000)
  to   space 1024K, 0% used [0x00000000d5980000,0x00000000d5980000,0x00000000d5a80000)
 ParOldGen       total 204800K, used 204382K [0x0000000080000000, 0x000000008c800000, 0x00000000d5580000)
  object space 204800K, 99% used [0x0000000080000000,0x000000008c797908,0x000000008c800000)
 Metaspace       used 64195K, committed 65472K, reserved 1114112K
  class space    used 6919K, committed 7488K, reserved 1048576K
}
Event: 17.818 GC heap after
{Heap after GC invocations=177 (full 3):
 PSYoungGen      total 4096K, used 995K [0x00000000d5580000, 0x00000000d5a80000, 0x0000000100000000)
  eden space 3072K, 0% used [0x00000000d5580000,0x00000000d5580000,0x00000000d5880000)
  from space 1024K, 97% used [0x00000000d5980000,0x00000000d5a78c90,0x00000000d5a80000)
  to   space 1024K, 0% used [0x00000000d5880000,0x00000000d5880000,0x00000000d5980000)
 ParOldGen       total 205824K, used 205414K [0x0000000080000000, 0x000000008c900000, 0x00000000d5580000)
  object space 205824K, 99% used [0x0000000080000000,0x000000008c899930,0x000000008c900000)
 Metaspace       used 64195K, committed 65472K, reserved 1114112K
  class space    used 6919K, committed 7488K, reserved 1048576K
}
Event: 17.836 GC heap before
{Heap before GC invocations=178 (full 3):
 PSYoungGen      total 4096K, used 4067K [0x00000000d5580000, 0x00000000d5a80000, 0x0000000100000000)
  eden space 3072K, 100% used [0x00000000d5580000,0x00000000d5880000,0x00000000d5880000)
  from space 1024K, 97% used [0x00000000d5980000,0x00000000d5a78c90,0x00000000d5a80000)
  to   space 1024K, 0% used [0x00000000d5880000,0x00000000d5880000,0x00000000d5980000)
 ParOldGen       total 205824K, used 205414K [0x0000000080000000, 0x000000008c900000, 0x00000000d5580000)
  object space 205824K, 99% used [0x0000000080000000,0x000000008c899930,0x000000008c900000)
 Metaspace       used 64195K, committed 65472K, reserved 1114112K
  class space    used 6919K, committed 7488K, reserved 1048576K
}
Event: 17.838 GC heap after
{Heap after GC invocations=178 (full 3):
 PSYoungGen      total 4096K, used 4067K [0x00000000d5580000, 0x00000000d5a80000, 0x0000000100000000)
  eden space 3072K, 100% used [0x00000000d5580000,0x00000000d5880000,0x00000000d5880000)
  from space 1024K, 97% used [0x00000000d5980000,0x00000000d5a78c90,0x00000000d5a80000)
  to   space 1024K, 98% used [0x00000000d5880000,0x00000000d597b980,0x00000000d5980000)
 ParOldGen       total 206336K, used 205895K [0x0000000080000000, 0x000000008c980000, 0x00000000d5580000)
  object space 206336K, 99% used [0x0000000080000000,0x000000008c911f78,0x000000008c980000)
 Metaspace       used 64195K, committed 65472K, reserved 1114112K
  class space    used 6919K, committed 7488K, reserved 1048576K
}
Event: 17.839 GC heap before
{Heap before GC invocations=179 (full 4):
 PSYoungGen      total 4096K, used 4067K [0x00000000d5580000, 0x00000000d5a80000, 0x0000000100000000)
  eden space 3072K, 100% used [0x00000000d5580000,0x00000000d5880000,0x00000000d5880000)
  from space 1024K, 97% used [0x00000000d5980000,0x00000000d5a78c90,0x00000000d5a80000)
  to   space 1024K, 98% used [0x00000000d5880000,0x00000000d597b980,0x00000000d5980000)
 ParOldGen       total 206336K, used 205895K [0x0000000080000000, 0x000000008c980000, 0x00000000d5580000)
  object space 206336K, 99% used [0x0000000080000000,0x000000008c911f78,0x000000008c980000)
 Metaspace       used 64195K, committed 65472K, reserved 1114112K
  class space    used 6919K, committed 7488K, reserved 1048576K
}

