# JRE version: OpenJDK Runtime Environment Temurin-21.0.11+10 (21.0.11+10) (build 21.0.11+10-LTS)
# Java VM: OpenJDK 64-Bit Server VM Temurin-21.0.11+10 (21.0.11+10-LTS, mixed mode, sharing, tiered, compressed oops, compressed class ptrs, parallel gc, windows-amd64)
GC Precious Log:
 CardTable entry size: 512
 CPUs: 12 total, 12 available
 Memory: 8075M
 Large Page Support: Disabled
 NUMA Support: Disabled
 Compressed Oops: Enabled (32-bit)
 Alignments: Space 512K, Generation 512K, Heap 2M
 Heap Min Capacity: 100M
 Heap Initial Capacity: 100M
 Heap Max Capacity: 2G
 Pre-touch: Disabled
 Parallel Workers: 10
Heap:
 PSYoungGen      total 22016K, used 12081K [0x00000000d5580000, 0x00000000d6f00000, 0x0000000100000000)
  eden space 18944K, 49% used [0x00000000d5580000,0x00000000d5e93c38,0x00000000d6800000)
  from space 3072K, 90% used [0x00000000d6800000,0x00000000d6ab87e8,0x00000000d6b00000)
  to   space 3584K, 0% used [0x00000000d6b80000,0x00000000d6b80000,0x00000000d6f00000)
 ParOldGen       total 68608K, used 34532K [0x0000000080000000, 0x0000000084300000, 0x00000000d5580000)
  object space 68608K, 50% used [0x0000000080000000,0x00000000821b9188,0x0000000084300000)
 Metaspace       used 46358K, committed 47488K, reserved 1114112K
  class space    used 4596K, committed 5056K, reserved 1048576K
GC Heap History (20 events):
Event: 10.187 GC heap before
{Heap before GC invocations=16 (full 1):
 PSYoungGen      total 22528K, used 22498K [0x00000000d5580000, 0x00000000d7600000, 0x0000000100000000)
  eden space 21504K, 100% used [0x00000000d5580000,0x00000000d6a80000,0x00000000d6a80000)
  from space 1024K, 97% used [0x00000000d7000000,0x00000000d70f8800,0x00000000d7100000)
  to   space 5632K, 0% used [0x00000000d6a80000,0x00000000d6a80000,0x00000000d7000000)
 ParOldGen       total 68608K, used 22700K [0x0000000080000000, 0x0000000084300000, 0x00000000d5580000)
  object space 68608K, 33% used [0x0000000080000000,0x000000008162b390,0x0000000084300000)
 Metaspace       used 34000K, committed 34944K, reserved 1114112K
  class space    used 3426K, committed 3904K, reserved 1048576K
}
Event: 10.190 GC heap after
{Heap after GC invocations=16 (full 1):
 PSYoungGen      total 24064K, used 2532K [0x00000000d5580000, 0x00000000d7180000, 0x0000000100000000)
  eden space 21504K, 0% used [0x00000000d5580000,0x00000000d5580000,0x00000000d6a80000)
  from space 2560K, 98% used [0x00000000d6a80000,0x00000000d6cf9000,0x00000000d6d00000)
  to   space 3584K, 0% used [0x00000000d6e00000,0x00000000d6e00000,0x00000000d7180000)
 ParOldGen       total 68608K, used 23611K [0x0000000080000000, 0x0000000084300000, 0x00000000d5580000)
  object space 68608K, 34% used [0x0000000080000000,0x000000008170ed40,0x0000000084300000)
 Metaspace       used 34000K, committed 34944K, reserved 1114112K
  class space    used 3426K, committed 3904K, reserved 1048576K
}
Event: 10.321 GC heap before
{Heap before GC invocations=17 (full 1):
 PSYoungGen      total 24064K, used 15355K [0x00000000d5580000, 0x00000000d7180000, 0x0000000100000000)
  eden space 21504K, 59% used [0x00000000d5580000,0x00000000d6205d28,0x00000000d6a80000)
  from space 2560K, 98% used [0x00000000d6a80000,0x00000000d6cf9000,0x00000000d6d00000)
  to   space 3584K, 0% used [0x00000000d6e00000,0x00000000d6e00000,0x00000000d7180000)
 ParOldGen       total 68608K, used 23611K [0x0000000080000000, 0x0000000084300000, 0x00000000d5580000)
  object space 68608K, 34% used [0x0000000080000000,0x000000008170ed40,0x0000000084300000)
 Metaspace       used 34941K, committed 35840K, reserved 1114112K
  class space    used 3568K, committed 4032K, reserved 1048576K
}
Event: 10.324 GC heap after
{Heap after GC invocations=17 (full 1):
 PSYoungGen      total 22528K, used 896K [0x00000000d5580000, 0x00000000d6f00000, 0x0000000100000000)
  eden space 21504K, 0% used [0x00000000d5580000,0x00000000d5580000,0x00000000d6a80000)
  from space 1024K, 87% used [0x00000000d6e00000,0x00000000d6ee0000,0x00000000d6f00000)
  to   space 2048K, 0% used [0x00000000d6b00000,0x00000000d6b00000,0x00000000d6d00000)
 ParOldGen       total 68608K, used 25928K [0x0000000080000000, 0x0000000084300000, 0x00000000d5580000)
  object space 68608K, 37% used [0x0000000080000000,0x0000000081952368,0x0000000084300000)
 Metaspace       used 34941K, committed 35840K, reserved 1114112K
  class space    used 3568K, committed 4032K, reserved 1048576K
}
Event: 10.324 GC heap before
{Heap before GC invocations=18 (full 2):
 PSYoungGen      total 22528K, used 896K [0x00000000d5580000, 0x00000000d6f00000, 0x0000000100000000)
  eden space 21504K, 0% used [0x00000000d5580000,0x00000000d5580000,0x00000000d6a80000)
  from space 1024K, 87% used [0x00000000d6e00000,0x00000000d6ee0000,0x00000000d6f00000)
  to   space 2048K, 0% used [0x00000000d6b00000,0x00000000d6b00000,0x00000000d6d00000)
 ParOldGen       total 68608K, used 25928K [0x0000000080000000, 0x0000000084300000, 0x00000000d5580000)
  object space 68608K, 37% used [0x0000000080000000,0x0000000081952368,0x0000000084300000)
 Metaspace       used 34941K, committed 35840K, reserved 1114112K
  class space    used 3568K, committed 4032K, reserved 1048576K
}
Event: 10.366 GC heap after
{Heap after GC invocations=18 (full 2):
 PSYoungGen      total 22528K, used 0K [0x00000000d5580000, 0x00000000d6f00000, 0x0000000100000000)
  eden space 21504K, 0% used [0x00000000d5580000,0x00000000d5580000,0x00000000d6a80000)
  from space 1024K, 0% used [0x00000000d6e00000,0x00000000d6e00000,0x00000000d6f00000)
  to   space 2048K, 0% used [0x00000000d6b00000,0x00000000d6b00000,0x00000000d6d00000)
 ParOldGen       total 68608K, used 25498K [0x0000000080000000, 0x0000000084300000, 0x00000000d5580000)
  object space 68608K, 37% used [0x0000000080000000,0x00000000818e6808,0x0000000084300000)
 Metaspace       used 34941K, committed 35840K, reserved 1114112K
  class space    used 3568K, committed 4032K, reserved 1048576K
}
Event: 11.326 GC heap before
{Heap before GC invocations=19 (full 2):
 PSYoungGen      total 22528K, used 21504K [0x00000000d5580000, 0x00000000d6f00000, 0x0000000100000000)
  eden space 21504K, 100% used [0x00000000d5580000,0x00000000d6a80000,0x00000000d6a80000)
  from space 1024K, 0% used [0x00000000d6e00000,0x00000000d6e00000,0x00000000d6f00000)
  to   space 2048K, 0% used [0x00000000d6b00000,0x00000000d6b00000,0x00000000d6d00000)
 ParOldGen       total 68608K, used 25498K [0x0000000080000000, 0x0000000084300000, 0x00000000d5580000)
  object space 68608K, 37% used [0x0000000080000000,0x00000000818e6808,0x0000000084300000)
 Metaspace       used 36493K, committed 37440K, reserved 1114112K
  class space    used 3747K, committed 4224K, reserved 1048576K
}
Event: 11.327 GC heap after
{Heap after GC invocations=19 (full 2):
 PSYoungGen      total 23552K, used 696K [0x00000000d5580000, 0x00000000d6e80000, 0x0000000100000000)
  eden space 21504K, 0% used [0x00000000d5580000,0x00000000d5580000,0x00000000d6a80000)
  from space 2048K, 34% used [0x00000000d6b00000,0x00000000d6bae350,0x00000000d6d00000)
  to   space 1024K, 0% used [0x00000000d6d80000,0x00000000d6d80000,0x00000000d6e80000)
 ParOldGen       total 68608K, used 25506K [0x0000000080000000, 0x0000000084300000, 0x00000000d5580000)
  object space 68608K, 37% used [0x0000000080000000,0x00000000818e8808,0x0000000084300000)
 Metaspace       used 36493K, committed 37440K, reserved 1114112K
  class space    used 3747K, committed 4224K, reserved 1048576K
}
Event: 11.859 GC heap before
{Heap before GC invocations=20 (full 2):
 PSYoungGen      total 23552K, used 22200K [0x00000000d5580000, 0x00000000d6e80000, 0x0000000100000000)
  eden space 21504K, 100% used [0x00000000d5580000,0x00000000d6a80000,0x00000000d6a80000)
  from space 2048K, 34% used [0x00000000d6b00000,0x00000000d6bae350,0x00000000d6d00000)
  to   space 1024K, 0% used [0x00000000d6d80000,0x00000000d6d80000,0x00000000d6e80000)
 ParOldGen       total 68608K, used 25506K [0x0000000080000000, 0x0000000084300000, 0x00000000d5580000)
  object space 68608K, 37% used [0x0000000080000000,0x00000000818e8808,0x0000000084300000)
 Metaspace       used 38598K, committed 39616K, reserved 1114112K
  class space    used 3942K, committed 4416K, reserved 1048576K
}
Event: 11.861 GC heap after
{Heap after GC invocations=20 (full 2):
 PSYoungGen      total 22528K, used 608K [0x00000000d5580000, 0x00000000d6e80000, 0x0000000100000000)
  eden space 21504K, 0% used [0x00000000d5580000,0x00000000d5580000,0x00000000d6a80000)
  from space 1024K, 59% used [0x00000000d6d80000,0x00000000d6e18000,0x00000000d6e80000)
  to   space 1024K, 0% used [0x00000000d6c80000,0x00000000d6c80000,0x00000000d6d80000)
 ParOldGen       total 68608K, used 26810K [0x0000000080000000, 0x0000000084300000, 0x00000000d5580000)
  object space 68608K, 39% used [0x0000000080000000,0x0000000081a2eb70,0x0000000084300000)
 Metaspace       used 38598K, committed 39616K, reserved 1114112K
  class space    used 3942K, committed 4416K, reserved 1048576K
}
Event: 12.055 GC heap before
{Heap before GC invocations=21 (full 2):
 PSYoungGen      total 22528K, used 22112K [0x00000000d5580000, 0x00000000d6e80000, 0x0000000100000000)
  eden space 21504K, 100% used [0x00000000d5580000,0x00000000d6a80000,0x00000000d6a80000)
  from space 1024K, 59% used [0x00000000d6d80000,0x00000000d6e18000,0x00000000d6e80000)
  to   space 1024K, 0% used [0x00000000d6c80000,0x00000000d6c80000,0x00000000d6d80000)
 ParOldGen       total 68608K, used 26810K [0x0000000080000000, 0x0000000084300000, 0x00000000d5580000)
  object space 68608K, 39% used [0x0000000080000000,0x0000000081a2eb70,0x0000000084300000)
 Metaspace       used 40001K, committed 41024K, reserved 1114112K
  class space    used 4059K, committed 4544K, reserved 1048576K
}
Event: 12.058 GC heap after
{Heap after GC invocations=21 (full 2):
 PSYoungGen      total 22528K, used 992K [0x00000000d5580000, 0x00000000d7180000, 0x0000000100000000)
  eden space 21504K, 0% used [0x00000000d5580000,0x00000000d5580000,0x00000000d6a80000)
  from space 1024K, 96% used [0x00000000d6c80000,0x00000000d6d78040,0x00000000d6d80000)
  to   space 3584K, 0% used [0x00000000d6e00000,0x00000000d6e00000,0x00000000d7180000)
 ParOldGen       total 68608K, used 28750K [0x0000000080000000, 0x0000000084300000, 0x00000000d5580000)
  object space 68608K, 41% used [0x0000000080000000,0x0000000081c13a08,0x0000000084300000)
 Metaspace       used 40001K, committed 41024K, reserved 1114112K
  class space    used 4059K, committed 4544K, reserved 1048576K
}
Event: 12.121 GC heap before
{Heap before GC invocations=22 (full 2):
 PSYoungGen      total 22528K, used 22496K [0x00000000d5580000, 0x00000000d7180000, 0x0000000100000000)
  eden space 21504K, 100% used [0x00000000d5580000,0x00000000d6a80000,0x00000000d6a80000)
  from space 1024K, 96% used [0x00000000d6c80000,0x00000000d6d78040,0x00000000d6d80000)
  to   space 3584K, 0% used [0x00000000d6e00000,0x00000000d6e00000,0x00000000d7180000)
 ParOldGen       total 68608K, used 28750K [0x0000000080000000, 0x0000000084300000, 0x00000000d5580000)
  object space 68608K, 41% used [0x0000000080000000,0x0000000081c13a08,0x0000000084300000)
 Metaspace       used 40200K, committed 41152K, reserved 1114112K
  class space    used 4091K, committed 4544K, reserved 1048576K
}
Event: 12.123 GC heap after
{Heap after GC invocations=22 (full 2):
 PSYoungGen      total 23040K, used 1373K [0x00000000d5580000, 0x00000000d6f80000, 0x0000000100000000)
  eden space 21504K, 0% used [0x00000000d5580000,0x00000000d5580000,0x00000000d6a80000)
  from space 1536K, 89% used [0x00000000d6e00000,0x00000000d6f574b8,0x00000000d6f80000)
  to   space 2048K, 0% used [0x00000000d6b80000,0x00000000d6b80000,0x00000000d6d80000)
 ParOldGen       total 68608K, used 29753K [0x0000000080000000, 0x0000000084300000, 0x00000000d5580000)
  object space 68608K, 43% used [0x0000000080000000,0x0000000081d0e6c0,0x0000000084300000)
 Metaspace       used 40200K, committed 41152K, reserved 1114112K
  class space    used 4091K, committed 4544K, reserved 1048576K
}
Event: 12.367 GC heap before
{Heap before GC invocations=23 (full 2):
 PSYoungGen      total 23040K, used 22877K [0x00000000d5580000, 0x00000000d6f80000, 0x0000000100000000)
  eden space 21504K, 100% used [0x00000000d5580000,0x00000000d6a80000,0x00000000d6a80000)
  from space 1536K, 89% used [0x00000000d6e00000,0x00000000d6f574b8,0x00000000d6f80000)
  to   space 2048K, 0% used [0x00000000d6b80000,0x00000000d6b80000,0x00000000d6d80000)
 ParOldGen       total 68608K, used 29753K [0x0000000080000000, 0x0000000084300000, 0x00000000d5580000)
  object space 68608K, 43% used [0x0000000080000000,0x0000000081d0e6c0,0x0000000084300000)
 Metaspace       used 42780K, committed 43776K, reserved 1114112K
  class space    used 4358K, committed 4800K, reserved 1048576K
}
Event: 12.369 GC heap after
{Heap after GC invocations=23 (full 2):
 PSYoungGen      total 23040K, used 1384K [0x00000000d5580000, 0x00000000d6e80000, 0x0000000100000000)
  eden space 21504K, 0% used [0x00000000d5580000,0x00000000d5580000,0x00000000d6a80000)
  from space 1536K, 90% used [0x00000000d6b80000,0x00000000d6cda270,0x00000000d6d00000)
  to   space 1536K, 0% used [0x00000000d6d00000,0x00000000d6d00000,0x00000000d6e80000)
 ParOldGen       total 68608K, used 30218K [0x0000000080000000, 0x0000000084300000, 0x00000000d5580000)
  object space 68608K, 44% used [0x0000000080000000,0x0000000081d82a80,0x0000000084300000)
 Metaspace       used 42780K, committed 43776K, reserved 1114112K
  class space    used 4358K, committed 4800K, reserved 1048576K
}
Event: 12.835 GC heap before
{Heap before GC invocations=24 (full 2):
 PSYoungGen      total 23040K, used 22888K [0x00000000d5580000, 0x00000000d6e80000, 0x0000000100000000)
  eden space 21504K, 100% used [0x00000000d5580000,0x00000000d6a80000,0x00000000d6a80000)
  from space 1536K, 90% used [0x00000000d6b80000,0x00000000d6cda270,0x00000000d6d00000)
  to   space 1536K, 0% used [0x00000000d6d00000,0x00000000d6d00000,0x00000000d6e80000)
 ParOldGen       total 68608K, used 30218K [0x0000000080000000, 0x0000000084300000, 0x00000000d5580000)
  object space 68608K, 44% used [0x0000000080000000,0x0000000081d82a80,0x0000000084300000)
 Metaspace       used 44325K, committed 45376K, reserved 1114112K
  class space    used 4473K, committed 4928K, reserved 1048576K
}
Event: 12.839 GC heap after
{Heap after GC invocations=24 (full 2):
 PSYoungGen      total 20480K, used 1527K [0x00000000d5580000, 0x00000000d7480000, 0x0000000100000000)
  eden space 18944K, 0% used [0x00000000d5580000,0x00000000d5580000,0x00000000d6800000)
  from space 1536K, 99% used [0x00000000d6d00000,0x00000000d6e7dc70,0x00000000d6e80000)
  to   space 5120K, 0% used [0x00000000d6800000,0x00000000d6800000,0x00000000d6d00000)
 ParOldGen       total 68608K, used 33016K [0x0000000080000000, 0x0000000084300000, 0x00000000d5580000)
  object space 68608K, 48% used [0x0000000080000000,0x000000008203e2a8,0x0000000084300000)
 Metaspace       used 44325K, committed 45376K, reserved 1114112K
  class space    used 4473K, committed 4928K, reserved 1048576K
}
Event: 13.340 GC heap before
{Heap before GC invocations=25 (full 2):
 PSYoungGen      total 20480K, used 20471K [0x00000000d5580000, 0x00000000d7480000, 0x0000000100000000)
  eden space 18944K, 100% used [0x00000000d5580000,0x00000000d6800000,0x00000000d6800000)
  from space 1536K, 99% used [0x00000000d6d00000,0x00000000d6e7dc70,0x00000000d6e80000)
  to   space 5120K, 0% used [0x00000000d6800000,0x00000000d6800000,0x00000000d6d00000)
 ParOldGen       total 68608K, used 33016K [0x0000000080000000, 0x0000000084300000, 0x00000000d5580000)
  object space 68608K, 48% used [0x0000000080000000,0x000000008203e2a8,0x0000000084300000)
 Metaspace       used 46008K, committed 47104K, reserved 1114112K
  class space    used 4587K, committed 5056K, reserved 1048576K
}
Event: 13.344 GC heap after
{Heap after GC invocations=25 (full 2):
 PSYoungGen      total 22016K, used 2785K [0x00000000d5580000, 0x00000000d6f00000, 0x0000000100000000)
  eden space 18944K, 0% used [0x00000000d5580000,0x00000000d5580000,0x00000000d6800000)
  from space 3072K, 90% used [0x00000000d6800000,0x00000000d6ab87e8,0x00000000d6b00000)
  to   space 3584K, 0% used [0x00000000d6b80000,0x00000000d6b80000,0x00000000d6f00000)
 ParOldGen       total 68608K, used 34532K [0x0000000080000000, 0x0000000084300000, 0x00000000d5580000)
  object space 68608K, 50% used [0x0000000080000000,0x00000000821b9188,0x0000000084300000)
 Metaspace       used 46008K, committed 47104K, reserved 1114112K
  class space    used 4587K, committed 5056K, reserved 1048576K
}

